0 info it worked if it ends with ok
1 verbose cli [ 'node', '/usr/local/bin/npm', 'install', 'iconv' ]
2 info using npm@2.5.0
3 info using node@v0.10.36
4 verbose node symlink /usr/local/bin/node
5 warn package.json node-api@ No description
6 warn package.json node-api@ No repository field.
7 warn package.json node-api@ No README data
8 warn package.json wscraper@0.1.0 No repository field.
9 silly cache add args [ 'iconv', null ]
10 verbose cache add spec iconv
11 silly cache add parsed spec { raw: 'iconv',
11 silly cache add   scope: null,
11 silly cache add   name: 'iconv',
11 silly cache add   rawSpec: '',
11 silly cache add   spec: '*',
11 silly cache add   type: 'range' }
12 verbose addNamed iconv@*
13 silly addNamed semver.valid null
14 silly addNamed semver.validRange *
15 silly addNameRange { name: 'iconv', range: '*', hasData: false }
16 silly mapToRegistry name iconv
17 silly mapToRegistry using default registry
18 silly mapToRegistry registry https://registry.npmjs.org/
19 silly mapToRegistry uri https://registry.npmjs.org/iconv
20 verbose addNameRange registry:https://registry.npmjs.org/iconv not in flight; fetching
21 verbose request uri https://registry.npmjs.org/iconv
22 verbose request no auth needed
23 info attempt registry request try #1 at 17:52:40
24 verbose request id a6d598fcdf78afb7
25 verbose etag "5NBEGWXZ4FJMUD20CQY3LJ6FQ"
26 http request GET https://registry.npmjs.org/iconv
27 http 304 https://registry.npmjs.org/iconv
28 silly get cb [ 304,
28 silly get   { date: 'Mon, 16 Feb 2015 16:52:41 GMT',
28 silly get     server: 'Apache',
28 silly get     via: '1.1 varnish',
28 silly get     'last-modified': 'Mon, 16 Feb 2015 16:52:41 GMT',
28 silly get     'cache-control': 'max-age=60',
28 silly get     etag: '"5NBEGWXZ4FJMUD20CQY3LJ6FQ"',
28 silly get     age: '22',
28 silly get     'x-served-by': 'cache-fra1229-FRA',
28 silly get     'x-cache': 'HIT',
28 silly get     'x-cache-hits': '1',
28 silly get     'x-timer': 'S1424105561.271611,VS0,VE0',
28 silly get     vary: 'Accept',
28 silly get     'content-length': '0',
28 silly get     'keep-alive': 'timeout=10, max=50',
28 silly get     connection: 'Keep-Alive' } ]
29 verbose etag https://registry.npmjs.org/iconv from cache
30 verbose get saving iconv to /Users/GDanjou/.npm/registry.npmjs.org/iconv/.cache.json
31 silly addNameRange number 2 { name: 'iconv', range: '*', hasData: true }
32 silly addNameRange versions [ 'iconv',
32 silly addNameRange   [ '1.0.0',
32 silly addNameRange     '1.0.1',
32 silly addNameRange     '1.1.0',
32 silly addNameRange     '1.1.1',
32 silly addNameRange     '1.1.2',
32 silly addNameRange     '1.1.3',
32 silly addNameRange     '1.2.0',
32 silly addNameRange     '1.2.1',
32 silly addNameRange     '1.2.2',
32 silly addNameRange     '1.2.3',
32 silly addNameRange     '1.2.4',
32 silly addNameRange     '2.0.0',
32 silly addNameRange     '2.0.1',
32 silly addNameRange     '2.0.2',
32 silly addNameRange     '2.0.3',
32 silly addNameRange     '2.0.4',
32 silly addNameRange     '2.0.5',
32 silly addNameRange     '2.0.6',
32 silly addNameRange     '2.0.7',
32 silly addNameRange     '2.1.0',
32 silly addNameRange     '2.1.1',
32 silly addNameRange     '2.1.2',
32 silly addNameRange     '2.1.3',
32 silly addNameRange     '2.1.4',
32 silly addNameRange     '2.1.5' ] ]
33 verbose addNamed iconv@2.1.5
34 silly addNamed semver.valid 2.1.5
35 silly addNamed semver.validRange 2.1.5
36 silly cache afterAdd iconv@2.1.5
37 verbose afterAdd /Users/GDanjou/.npm/iconv/2.1.5/package/package.json not in flight; writing
38 verbose afterAdd /Users/GDanjou/.npm/iconv/2.1.5/package/package.json written
39 silly install resolved [ { name: 'iconv',
39 silly install resolved     main: './lib/iconv',
39 silly install resolved     version: '2.1.5',
39 silly install resolved     description: 'Text recoding in JavaScript for fun and profit!',
39 silly install resolved     homepage: 'https://github.com/bnoordhuis/node-iconv',
39 silly install resolved     repository:
39 silly install resolved      { type: 'git',
39 silly install resolved        url: 'git://github.com/bnoordhuis/node-iconv.git' },
39 silly install resolved     author: { name: 'Ben Noordhuis', email: 'info@bnoordhuis.nl' },
39 silly install resolved     engines: { node: '>=0.8.0' },
39 silly install resolved     license: 'ISC',
39 silly install resolved     dependencies: { nan: '~1.4.3' },
39 silly install resolved     devDependencies: { tap: '~0.4.8' },
39 silly install resolved     scripts: { test: 'tap test/test-*.js', install: 'node-gyp rebuild' },
39 silly install resolved     gypfile: true,
39 silly install resolved     gitHead: '08e13c9b0f9e1c633efd1734a100028fc10e7456',
39 silly install resolved     bugs: { url: 'https://github.com/bnoordhuis/node-iconv/issues' },
39 silly install resolved     _id: 'iconv@2.1.5',
39 silly install resolved     _shasum: '5da042e3800e1e277495d764ae3e8a8c7037f1d2',
39 silly install resolved     _from: 'iconv@*',
39 silly install resolved     _npmVersion: '2.1.18',
39 silly install resolved     _nodeVersion: '1.0.2',
39 silly install resolved     _npmUser: { name: 'bnoordhuis', email: 'info@bnoordhuis.nl' },
39 silly install resolved     maintainers: [ [Object] ],
39 silly install resolved     dist:
39 silly install resolved      { shasum: '5da042e3800e1e277495d764ae3e8a8c7037f1d2',
39 silly install resolved        tarball: 'http://registry.npmjs.org/iconv/-/iconv-2.1.5.tgz' },
39 silly install resolved     directories: {},
39 silly install resolved     _resolved: 'https://registry.npmjs.org/iconv/-/iconv-2.1.5.tgz',
39 silly install resolved     readme: 'ERROR: No README data found!' } ]
40 info install iconv@2.1.5 into /Users/GDanjou/Documents/perso/MyTravelBook/application
41 info installOne iconv@2.1.5
42 verbose installOne of iconv to /Users/GDanjou/Documents/perso/MyTravelBook/application not in flight; installing
43 warn locking Error: EACCES, open '/Users/GDanjou/.npm/_locks/iconv-0c7b9ceb9fa263f9.lock'
43 warn locking  /Users/GDanjou/.npm/_locks/iconv-0c7b9ceb9fa263f9.lock failed { [Error: EACCES, open '/Users/GDanjou/.npm/_locks/iconv-0c7b9ceb9fa263f9.lock']
43 warn locking   errno: 3,
43 warn locking   code: 'EACCES',
43 warn locking   path: '/Users/GDanjou/.npm/_locks/iconv-0c7b9ceb9fa263f9.lock' }
44 verbose stack Error: Attempt to unlock /Users/GDanjou/Documents/perso/MyTravelBook/application/node_modules/iconv, which hasn't been locked
44 verbose stack     at unlock (/usr/local/lib/node_modules/npm/lib/utils/locker.js:66:11)
44 verbose stack     at cb (/usr/local/lib/node_modules/npm/lib/install.js:929:5)
44 verbose stack     at /usr/local/lib/node_modules/npm/lib/install.js:933:20
44 verbose stack     at /usr/local/lib/node_modules/npm/lib/utils/locker.js:40:9
44 verbose stack     at cb (/usr/local/lib/node_modules/npm/node_modules/lockfile/lockfile.js:149:38)
44 verbose stack     at /usr/local/lib/node_modules/npm/node_modules/lockfile/lockfile.js:177:38
44 verbose stack     at Object.oncomplete (fs.js:108:15)
45 verbose cwd /Users/GDanjou/Documents/perso/MyTravelBook/application
46 error Darwin 14.0.0
47 error argv "node" "/usr/local/bin/npm" "install" "iconv"
48 error node v0.10.36
49 error npm  v2.5.0
50 error Attempt to unlock /Users/GDanjou/Documents/perso/MyTravelBook/application/node_modules/iconv, which hasn't been locked
51 error If you need help, you may report this error at:
51 error     <http://github.com/npm/npm/issues>
52 verbose exit [ 1, true ]
